UG: BSc Medical Laboratory Science (Diploma) (needsReview: True)
UG: Mechanical Engineering (needsReview: True)
UG: Computer Science (needsReview: True)
UG: Business Administration (needsReview: True)
UG: English (Distance) (needsReview: True)
UG: BEd Basic Education (needsReview: True)
UG: Soil Science (needsReview: True)
UG: Occupational Therapy (needsReview: True)
UG: Geography & Resource Development (needsReview: True)
UG: LLB (Law) (needsReview: True)
UG: BDS (needsReview: True)
UG: Civil Engineering (Distance) (needsReview: True)
UG: Software Engineering (needsReview: True)
UG: Banking & Finance (needsReview: True)
UG: Sociology (needsReview: True)
UG: BSc Public Health (Diploma) (needsReview: True)
UG: Petroleum Engineering (needsReview: True)
UG: Information Technology (needsReview: True)
UG: Logistics & Supply Chain (needsReview: True)
UG: Religious Studies (Distance) (needsReview: True)
UG: BEd Early Childhood Education (needsReview: True)
UG: Agribusiness (needsReview: True)
UG: Information Systems (needsReview: True)
UG: Accounting (needsReview: True)
UG: Communication Studies (needsReview: True)
UG: BEd Technical Education (needsReview: True)
UG: Food Science (needsReview: True)
UG: BSc Midwifery (Distance) (needsReview: True)
UG: Chemical Engineering (needsReview: True)
UG: Religious Studies (needsReview: True)
UG: BEd Primary Education (needsReview: True)
UG: Agriculture (needsReview: True)
UG: Biomedical Science (Distance) (needsReview: True)
UG: Quantity Surveying (needsReview: True)
UG: BSc Public Health (needsReview: True)
UG: Data Science & Analytics (needsReview: True)
UG: English (Diploma) (needsReview: True)
UG: Biomedical Science (needsReview: True)
UG: Urban & Regional Planning (Diploma) (needsReview: True)
UG: BSc Nursing (needsReview: True)
UG: Computer Engineering (needsReview: True)
UG: Marketing (Diploma) (needsReview: True)
UG: English (needsReview: True)
UG: Dietetics (Distance) (needsReview: True)
UG: Quantity Surveying (Distance) (needsReview: True)
UG: BSc Midwifery (Diploma) (needsReview: True)
UG: Information Technology (Distance) (needsReview: True)
UG: Marketing (needsReview: True)
UG: BEd Basic Education (Distance) (needsReview: True)
UG: Dietetics (needsReview: True)
UG: Architecture (Diploma) (needsReview: True)
UG: Civil Engineering (needsReview: True)
UG: Accounting (Diploma) (needsReview: True)
UG: BEd Basic Education (Diploma) (needsReview: True)
UG: Horticulture (needsReview: True)
UG: BSc Medical Laboratory Science (needsReview: True)
UG: Accounting (Distance) (needsReview: True)
UG: Horticulture (Diploma) (needsReview: True)
UG: Electrical/Electronic Engineering (needsReview: True)
UG: Business Administration (Distance) (needsReview: True)
UG: Radiography (needsReview: True)
UG: PharmD (needsReview: True)
UG: Political Science (needsReview: True)
UG: Agriculture (Distance) (needsReview: True)
UG: Radiography (Distance) (needsReview: True)
UG: Urban & Regional Planning (needsReview: True)
UG: Sociology (Diploma) (needsReview: True)
UG: Architecture (needsReview: True)
UG: Petroleum Engineering (Distance) (needsReview: True)
UG: History (needsReview: True)
KNUST: BSc Medical Laboratory Science (Diploma) (needsReview: True)
KNUST: Petroleum Engineering (needsReview: True)
KNUST: Software Engineering (needsReview: True)
KNUST: Accounting (needsReview: True)
KNUST: History (needsReview: True)
KNUST: BEd Basic Education (needsReview: True)
KNUST: Food Science (needsReview: True)
KNUST: Occupational Therapy (needsReview: True)
KNUST: Geography & Resource Development (needsReview: True)
KNUST: LLB (Law) (needsReview: True)
KNUST: MBChB (Diploma) (needsReview: True)
KNUST: Electrical/Electronic Engineering (needsReview: True)
KNUST: Cybersecurity (needsReview: True)
KNUST: Business Administration (needsReview: True)
KNUST: BEd Technical Education (Distance) (needsReview: True)
KNUST: Soil Science (needsReview: True)
KNUST: Dietetics (needsReview: True)
KNUST: Quantity Surveying (needsReview: True)
KNUST: BSc Midwifery (needsReview: True)
KNUST: Data Science & Analytics (Diploma) (needsReview: True)
KNUST: Logistics & Supply Chain (needsReview: True)
KNUST: Religious Studies (needsReview: True)
KNUST: BEd Primary Education (needsReview: True)
KNUST: Agriculture (needsReview: True)
KNUST: Biomedical Science (needsReview: True)
KNUST: BDS (needsReview: True)
KNUST: Chemical Engineering (needsReview: True)
KNUST: Software Engineering (Distance) (needsReview: True)
KNUST: History (Diploma) (needsReview: True)
KNUST: BEd Early Childhood Education (needsReview: True)
KNUST: Architecture (needsReview: True)
KNUST: BSc Public Health (needsReview: True)
KNUST: Data Science & Analytics (needsReview: True)
KNUST: Sociology (Diploma) (needsReview: True)
KNUST: Computer Engineering (needsReview: True)
KNUST: Computer Science (needsReview: True)
KNUST: Banking & Finance (needsReview: True)
KNUST: English (Diploma) (needsReview: True)
KNUST: BEd Technical Education (needsReview: True)
KNUST: Agribusiness (Distance) (needsReview: True)
KNUST: Radiography (needsReview: True)
KNUST: BSc Medical Laboratory Science (Distance) (needsReview: True)
KNUST: Petroleum Engineering (Distance) (needsReview: True)
KNUST: Marketing (needsReview: True)
KNUST: Communication Studies (needsReview: True)
KNUST: Horticulture (Distance) (needsReview: True)
KNUST: Information Technology (Distance) (needsReview: True)
KNUST: Political Science (needsReview: True)
KNUST: Horticulture (needsReview: True)
KNUST: Biomedical Science (Distance) (needsReview: True)
KNUST: MBChB (needsReview: True)
KNUST: Mechanical Engineering (needsReview: True)
KNUST: Information Technology (needsReview: True)
KNUST: Logistics & Supply Chain (Diploma) (needsReview: True)
KNUST: Sociology (needsReview: True)
KNUST: BEd Primary Education (Diploma) (needsReview: True)
KNUST: Radiography (Diploma) (needsReview: True)
KNUST: Civil Engineering (needsReview: True)
KNUST: Information Systems (needsReview: True)
KNUST: Human Resource Management (needsReview: True)
KNUST: Biomedical Science (Diploma) (needsReview: True)
KNUST: PharmD (needsReview: True)
KNUST: Agribusiness (needsReview: True)
KNUST: Urban & Regional Planning (needsReview: True)
KNUST: BSc Medical Laboratory Science (needsReview: True)
KNUST: Physiotherapy (Diploma) (needsReview: True)
KNUST: Quantity Surveying (Distance) (needsReview: True)
KNUST: Agriculture (Diploma) (needsReview: True)
KNUST: Occupational Therapy (Distance) (needsReview: True)
KNUST: BEd Early Childhood Education (Distance) (needsReview: True)
UCC: BSc Public Health (needsReview: True)
UCC: Petroleum Engineering (Diploma) (needsReview: True)
UCC: Software Engineering (needsReview: True)
UCC: Human Resource Management (needsReview: True)
UCC: English (needsReview: True)
UCC: BEd Primary Education (needsReview: True)
UCC: Agriculture (needsReview: True)
UCC: Occupational Therapy (needsReview: True)
UCC: Quantity Surveying (needsReview: True)
UCC: LLB (Law) (needsReview: True)
UCC: BSc Nursing (needsReview: True)
UCC: Chemical Engineering (needsReview: True)
UCC: Computer Science (needsReview: True)
UCC: Banking & Finance (needsReview: True)
UCC: History (needsReview: True)
UCC: BEd Technical Education (needsReview: True)
UCC: Soil Science (Distance) (needsReview: True)
UCC: Radiography (needsReview: True)
UCC: Architecture (needsReview: True)
UCC: Information Systems (needsReview: True)
UCC: Accounting (needsReview: True)
UCC: Political Science (needsReview: True)
UCC: BEd Technical Education (Diploma) (needsReview: True)
UCC: Soil Science (needsReview: True)
UCC: Dietetics (needsReview: True)
UCC: Architecture (Distance) (needsReview: True)
UCC: BSc Medical Laboratory Science (needsReview: True)
UCC: Computer Engineering (needsReview: True)
UCC: Marketing (needsReview: True)
UCC: BEd Early Childhood Education (needsReview: True)
UCC: Horticulture (needsReview: True)
UCC: BSc Midwifery (needsReview: True)
UCC: Cybersecurity (needsReview: True)
UCC: Communication Studies (needsReview: True)
UCC: BEd Technical Education (Distance) (needsReview: True)
UCC: Biomedical Science (needsReview: True)
UCC: Urban & Regional Planning (needsReview: True)
UCC: PharmD (needsReview: True)
UCC: Civil Engineering (needsReview: True)
UCC: Logistics & Supply Chain (needsReview: True)
UCC: Sociology (needsReview: True)
UCC: Petroleum Engineering (needsReview: True)
UCC: Agribusiness (needsReview: True)
UCC: Urban & Regional Planning (Diploma) (needsReview: True)
UCC: Mechanical Engineering (needsReview: True)
UCC: Communication Studies (Diploma) (needsReview: True)
UCC: Architecture (Diploma) (needsReview: True)
UCC: PharmD (Distance) (needsReview: True)
UCC: Electrical/Electronic Engineering (Distance) (needsReview: True)
UCC: Food Science (needsReview: True)
UDS: BSc Public Health (needsReview: True)
UDS: Computer Engineering (Distance) (needsReview: True)
UDS: Information Systems (Distance) (needsReview: True)
UDS: Marketing (Distance) (needsReview: True)
UDS: Religious Studies (Diploma) (needsReview: True)
UDS: BEd Primary Education (needsReview: True)
UDS: Agribusiness (Diploma) (needsReview: True)
UDS: Radiography (needsReview: True)
UDS: Urban & Regional Planning (needsReview: True)
UDS: LLB (Law) (needsReview: True)
UDS: BSc Medical Laboratory Science (needsReview: True)
UDS: Petroleum Engineering (needsReview: True)
UDS: Information Technology (needsReview: True)
UDS: Logistics & Supply Chain (needsReview: True)
UDS: Communication Studies (needsReview: True)
UDS: BEd Technical Education (Distance) (needsReview: True)
UDS: Agriculture (needsReview: True)
UDS: Quantity Surveying (Diploma) (needsReview: True)
UDS: LLB (Law) (Distance) (needsReview: True)
UDS: PharmD (needsReview: True)
UDS: Information Systems (needsReview: True)
UDS: Business Administration (Diploma) (needsReview: True)
UDS: Political Science (needsReview: True)
UDS: BEd Basic Education (needsReview: True)
UDS: Agribusiness (needsReview: True)
UDS: Occupational Therapy (needsReview: True)
UDS: BSc Nursing (needsReview: True)
UDS: Civil Engineering (needsReview: True)
UDS: Cybersecurity (needsReview: True)
UDS: Banking & Finance (Distance) (needsReview: True)
UMaT: PharmD (needsReview: True)
UMaT: Civil Engineering (needsReview: True)
UMaT: Computer Science (needsReview: True)
UMaT: Marketing (Distance) (needsReview: True)
UMaT: Religious Studies (needsReview: True)
UMaT: BEd Basic Education (needsReview: True)
UMaT: Agribusiness (needsReview: True)
UMaT: Physiotherapy (needsReview: True)
UMaT: Urban & Regional Planning (needsReview: True)
UMaT: LLB (Law) (needsReview: True)
UMaT: BSc Public Health (needsReview: True)
UMaT: Electrical/Electronic Engineering (needsReview: True)
UMaT: Information Technology (needsReview: True)
UMaT: Accounting (Diploma) (needsReview: True)
UMaT: English (Diploma) (needsReview: True)
UMaT: BEd Early Childhood Education (needsReview: True)
UMaT: Biomedical Science (needsReview: True)
UMaT: Geography & Resource Development (needsReview: True)
UMaT: BSc Nursing (needsReview: True)
UMaT: Computer Engineering (needsReview: True)
UMaT: Data Science & Analytics (needsReview: True)
UMaT: Business Administration (Distance) (needsReview: True)
UMaT: Sociology (needsReview: True)
UMaT: BEd Technical Education (needsReview: True)
UMaT: Agriculture (needsReview: True)
UMaT: Occupational Therapy (Diploma) (needsReview: True)
UMaT: Quantity Surveying (needsReview: True)
UMaT: BSc Midwifery (needsReview: True)
UMaT: Information Systems (needsReview: True)
UMaT: Human Resource Management (needsReview: True)
UHAS: BSc Nursing (needsReview: True)
UHAS: Petroleum Engineering (needsReview: True)
UHAS: Cybersecurity (needsReview: True)
UHAS: Banking & Finance (needsReview: True)
UHAS: Political Science (needsReview: True)
UHAS: BEd Technical Education (Distance) (needsReview: True)
UHAS: Agriculture (Distance) (needsReview: True)
UHAS: Radiography (needsReview: True)
UHAS: Geography & Resource Development (needsReview: True)
UHAS: LLB (Law) (needsReview: True)
UHAS: PharmD (needsReview: True)
UHAS: Computer Engineering (Distance) (needsReview: True)
UHAS: Data Science & Analytics (needsReview: True)
UHAS: Human Resource Management (needsReview: True)
UHAS: Religious Studies (needsReview: True)
UHAS: BEd Basic Education (needsReview: True)
UHAS: Food Science (Diploma) (needsReview: True)
UHAS: Occupational Therapy (needsReview: True)
UHAS: LLB (Law) (Distance) (needsReview: True)
UHAS: BSc Medical Laboratory Science (needsReview: True)
UHAS: Electrical/Electronic Engineering (Distance) (needsReview: True)
UHAS: Accounting (needsReview: True)
UHAS: English (needsReview: True)
UHAS: BEd Technical Education (needsReview: True)
UHAS: Agribusiness (needsReview: True)
UHAS: BSc Medical Laboratory Science (Distance) (needsReview: True)
UHAS: Computer Engineering (needsReview: True)
UHAS: Human Resource Management (Diploma) (needsReview: True)
UHAS: Agriculture (needsReview: True)
UHAS: Physiotherapy (Distance) (needsReview: True)
UPSA: BDS (needsReview: True)
UPSA: Electrical/Electronic Engineering (needsReview: True)
UPSA: Cybersecurity (needsReview: True)
UPSA: Accounting (needsReview: True)
UPSA: History (needsReview: True)
UPSA: BEd Primary Education (Distance) (needsReview: True)
UPSA: Agriculture (needsReview: True)
UPSA: Physiotherapy (needsReview: True)
UPSA: Architecture (needsReview: True)
UPSA: LLB (Law) (needsReview: True)
UPSA: MBChB (needsReview: True)
UPSA: Chemical Engineering (needsReview: True)
UPSA: Software Engineering (Distance) (needsReview: True)
UPSA: Business Administration (needsReview: True)
UPSA: Sociology (needsReview: True)
UPSA: BEd Primary Education (needsReview: True)
UPSA: Food Science (needsReview: True)
UPSA: Occupational Therapy (needsReview: True)
UPSA: Urban & Regional Planning (needsReview: True)
UPSA: BSc Public Health (Diploma) (needsReview: True)
UPSA: Mechanical Engineering (needsReview: True)
UPSA: Data Science & Analytics (Diploma) (needsReview: True)
UPSA: Logistics & Supply Chain (Distance) (needsReview: True)
UPSA: Religious Studies (needsReview: True)
UPSA: BEd Technical Education (needsReview: True)
UPSA: Soil Science (needsReview: True)
UPSA: Radiography (Diploma) (needsReview: True)
UPSA: BSc Midwifery (Distance) (needsReview: True)
UPSA: Petroleum Engineering (Distance) (needsReview: True)
UPSA: BEd Basic Education (needsReview: True)
UEW: BSc Midwifery (needsReview: True)
UEW: Chemical Engineering (needsReview: True)
UEW: Computer Science (needsReview: True)
UEW: Banking & Finance (needsReview: True)
UEW: Communication Studies (needsReview: True)
UEW: BEd Early Childhood Education (needsReview: True)
UEW: Soil Science (needsReview: True)
UEW: Radiography (needsReview: True)
UEW: Architecture (needsReview: True)
UEW: LLB (Law) (needsReview: True)
UEW: PharmD (Distance) (needsReview: True)
UEW: Software Engineering (needsReview: True)
UEW: Human Resource Management (needsReview: True)
UEW: English (needsReview: True)
UEW: BEd Primary Education (needsReview: True)
UEW: Horticulture (Diploma) (needsReview: True)
UEW: Physiotherapy (needsReview: True)
UEW: Quantity Surveying (needsReview: True)
UEW: Electrical/Electronic Engineering (needsReview: True)
UEW: Accounting (needsReview: True)
UEW: History (Distance) (needsReview: True)
UEW: BEd Basic Education (needsReview: True)
UEW: Soil Science (Distance) (needsReview: True)
UEW: Occupational Therapy (Diploma) (needsReview: True)
UEW: Urban & Regional Planning (Diploma) (needsReview: True)
UEW: BSc Nursing (needsReview: True)
UEW: Petroleum Engineering (needsReview: True)
UEW: Cybersecurity (needsReview: True)
UEW: Sociology (needsReview: True)
UEW: Horticulture (needsReview: True)
ASHESI: BSc Public Health (needsReview: True)
ASHESI: Mechanical Engineering (needsReview: True)
ASHESI: Information Technology (needsReview: True)
ASHESI: Logistics & Supply Chain (needsReview: True)
ASHESI: Communication Studies (needsReview: True)
ASHESI: BEd Basic Education (needsReview: True)
ASHESI: Agribusiness (needsReview: True)
ASHESI: Dietetics (needsReview: True)
ASHESI: Urban & Regional Planning (needsReview: True)
ASHESI: LLB (Law) (needsReview: True)
ASHESI: BSc Midwifery (needsReview: True)
ASHESI: Civil Engineering (needsReview: True)
ASHESI: Software Engineering (needsReview: True)
ASHESI: History (Diploma) (needsReview: True)
ASHESI: BEd Technical Education (needsReview: True)
ASHESI: Horticulture (needsReview: True)
ASHESI: Physiotherapy (Distance) (needsReview: True)
ASHESI: LLB (Law) (Diploma) (needsReview: True)
ASHESI: BDS (needsReview: True)
ASHESI: Cybersecurity (Distance) (needsReview: True)
ASHESI: Marketing (needsReview: True)
ASHESI: Religious Studies (needsReview: True)
ASHESI: BEd Early Childhood Education (needsReview: True)
ASHESI: Soil Science (needsReview: True)
ASHESI: Biomedical Science (needsReview: True)
ASHESI: Geography & Resource Development (needsReview: True)
ASHESI: Petroleum Engineering (needsReview: True)
ASHESI: Information Systems (needsReview: True)
ASHESI: Banking & Finance (needsReview: True)
ASHESI: English (needsReview: True)
ASHESI: Food Science (Diploma) (needsReview: True)
ASHESI: Occupational Therapy (needsReview: True)
ASHESI: BSc Medical Laboratory Science (needsReview: True)
ASHESI: Computer Science (needsReview: True)
ASHESI: Accounting (needsReview: True)
ASHESI: Political Science (needsReview: True)
ASHESI: Physiotherapy (needsReview: True)
ASHESI: Quantity Surveying (Diploma) (needsReview: True)
ASHESI: BSc Nursing (needsReview: True)
ASHESI: Electrical/Electronic Engineering (needsReview: True)
GIMPA: BSc Medical Laboratory Science (needsReview: True)
GIMPA: Civil Engineering (needsReview: True)
GIMPA: Cybersecurity (needsReview: True)
GIMPA: Accounting (needsReview: True)
GIMPA: English (Distance) (needsReview: True)
GIMPA: BEd Primary Education (needsReview: True)
GIMPA: Horticulture (Diploma) (needsReview: True)
GIMPA: Radiography (needsReview: True)
GIMPA: Quantity Surveying (needsReview: True)
GIMPA: LLB (Law) (needsReview: True)
GIMPA: MBChB (needsReview: True)
GIMPA: Electrical/Electronic Engineering (needsReview: True)
GIMPA: Information Systems (Diploma) (needsReview: True)
GIMPA: Sociology (Distance) (needsReview: True)
GIMPA: BEd Early Childhood Education (needsReview: True)
GIMPA: Food Science (needsReview: True)
GIMPA: Physiotherapy (needsReview: True)
GIMPA: Architecture (needsReview: True)
GIMPA: BDS (needsReview: True)
GIMPA: Computer Science (Distance) (needsReview: True)
GIMPA: Marketing (needsReview: True)
GIMPA: English (needsReview: True)
GIMPA: BEd Technical Education (needsReview: True)
GIMPA: Dietetics (Diploma) (needsReview: True)
GIMPA: Geography & Resource Development (needsReview: True)
GIMPA: BSc Public Health (needsReview: True)
GIMPA: Computer Engineering (Distance) (needsReview: True)
GIMPA: Software Engineering (needsReview: True)
GIMPA: Religious Studies (Diploma) (needsReview: True)
GIMPA: BEd Early Childhood Education (Diploma) (needsReview: True)
GIMPA: Agribusiness (needsReview: True)
GIMPA: Chemical Engineering (needsReview: True)
GIMPA: Data Science & Analytics (Distance) (needsReview: True)
GIMPA: Logistics & Supply Chain (Distance) (needsReview: True)
GIMPA: Religious Studies (needsReview: True)
GIMPA: Horticulture (needsReview: True)
GIMPA: Urban & Regional Planning (needsReview: True)
GIMPA: PharmD (needsReview: True)
GIMPA: Data Science & Analytics (needsReview: True)
GIMPA: Banking & Finance (needsReview: True)
CENTRAL: BSc Midwifery (needsReview: True)
CENTRAL: Mechanical Engineering (needsReview: True)
CENTRAL: Data Science & Analytics (needsReview: True)
CENTRAL: Business Administration (needsReview: True)
CENTRAL: English (Distance) (needsReview: True)
CENTRAL: BEd Primary Education (needsReview: True)
CENTRAL: Soil Science (needsReview: True)
CENTRAL: Physiotherapy (needsReview: True)
CENTRAL: Quantity Surveying (needsReview: True)
CENTRAL: LLB (Law) (needsReview: True)
CENTRAL: BSc Nursing (needsReview: True)
CENTRAL: Computer Engineering (Distance) (needsReview: True)
CENTRAL: Cybersecurity (needsReview: True)
CENTRAL: Banking & Finance (needsReview: True)
CENTRAL: Religious Studies (needsReview: True)
CENTRAL: Food Science (needsReview: True)
CENTRAL: Radiography (needsReview: True)
CENTRAL: LLB (Law) (Distance) (needsReview: True)
CENTRAL: BSc Public Health (needsReview: True)
CENTRAL: Information Systems (needsReview: True)
CENTRAL: Accounting (needsReview: True)
CENTRAL: Sociology (needsReview: True)
CENTRAL: BEd Technical Education (Distance) (needsReview: True)
CENTRAL: Dietetics (needsReview: True)
CENTRAL: Geography & Resource Development (needsReview: True)
CENTRAL: BSc Public Health (Diploma) (needsReview: True)
CENTRAL: Electrical/Electronic Engineering (needsReview: True)
CENTRAL: Software Engineering (Distance) (needsReview: True)
CENTRAL: Human Resource Management (needsReview: True)
CENTRAL: Communication Studies (needsReview: True)
VALLEY_VIEW: BSc Midwifery (needsReview: True)
VALLEY_VIEW: Chemical Engineering (needsReview: True)
VALLEY_VIEW: Information Technology (needsReview: True)
VALLEY_VIEW: Banking & Finance (needsReview: True)
VALLEY_VIEW: Communication Studies (needsReview: True)
VALLEY_VIEW: BEd Early Childhood Education (needsReview: True)
VALLEY_VIEW: Horticulture (needsReview: True)
VALLEY_VIEW: Physiotherapy (Diploma) (needsReview: True)
VALLEY_VIEW: Architecture (needsReview: True)
VALLEY_VIEW: LLB (Law) (needsReview: True)
VALLEY_VIEW: PharmD (Diploma) (needsReview: True)
VALLEY_VIEW: Data Science & Analytics (needsReview: True)
VALLEY_VIEW: Political Science (needsReview: True)
VALLEY_VIEW: BEd Technical Education (needsReview: True)
VALLEY_VIEW: Agriculture (needsReview: True)
VALLEY_VIEW: Occupational Therapy (needsReview: True)
VALLEY_VIEW: Geography & Resource Development (needsReview: True)
VALLEY_VIEW: LLB (Law) (Diploma) (needsReview: True)
VALLEY_VIEW: BDS (Distance) (needsReview: True)
VALLEY_VIEW: Mechanical Engineering (Distance) (needsReview: True)
VALLEY_VIEW: Cybersecurity (Diploma) (needsReview: True)
VALLEY_VIEW: Accounting (needsReview: True)
VALLEY_VIEW: BEd Basic Education (needsReview: True)
VALLEY_VIEW: Agribusiness (needsReview: True)
VALLEY_VIEW: Biomedical Science (needsReview: True)
UENR: BDS (needsReview: True)
UENR: Chemical Engineering (needsReview: True)
UENR: Information Systems (needsReview: True)
UENR: Banking & Finance (needsReview: True)
UENR: History (needsReview: True)
UENR: BEd Early Childhood Education (needsReview: True)
UENR: Food Science (needsReview: True)
UENR: Biomedical Science (needsReview: True)
UENR: Quantity Surveying (needsReview: True)
UENR: LLB (Law) (needsReview: True)
UENR: BSc Public Health (needsReview: True)
UENR: Electrical/Electronic Engineering (Distance) (needsReview: True)
UENR: Computer Science (needsReview: True)
UENR: Logistics & Supply Chain (needsReview: True)
UENR: BEd Primary Education (needsReview: True)
UENR: Food Science (Diploma) (needsReview: True)
UENR: Occupational Therapy (needsReview: True)
UENR: Urban & Regional Planning (needsReview: True)
UENR: BSc Nursing (Diploma) (needsReview: True)
UENR: Civil Engineering (needsReview: True)
UENR: Cybersecurity (needsReview: True)
UENR: Marketing (needsReview: True)
UENR: Political Science (needsReview: True)
UENR: BEd Basic Education (needsReview: True)
UENR: Soil Science (needsReview: True)
TTU: BSc Medical Laboratory Science (needsReview: True)
TTU: Mechanical Engineering (needsReview: True)
TTU: Computer Science (needsReview: True)
TTU: Marketing (needsReview: True)
TTU: Political Science (needsReview: True)
TTU: BEd Primary Education (needsReview: True)
TTU: Food Science (needsReview: True)
TTU: Occupational Therapy (needsReview: True)
TTU: Architecture (needsReview: True)
TTU: LLB (Law) (needsReview: True)
TTU: BSc Nursing (needsReview: True)
TTU: Civil Engineering (needsReview: True)
TTU: Data Science & Analytics (needsReview: True)
TTU: Accounting (needsReview: True)
TTU: Sociology (needsReview: True)
TTU: BEd Primary Education (Distance) (needsReview: True)
TTU: Agriculture (needsReview: True)
TTU: Biomedical Science (needsReview: True)
TTU: Geography & Resource Development (needsReview: True)
TTU: PharmD (needsReview: True)
TTU: Electrical/Electronic Engineering (needsReview: True)
TTU: Information Technology (Distance) (needsReview: True)
TTU: Religious Studies (needsReview: True)
TTU: Dietetics (needsReview: True)
TTU: Urban & Regional Planning (needsReview: True)
KUMTECH: PharmD (needsReview: True)
KUMTECH: Chemical Engineering (needsReview: True)
KUMTECH: Information Technology (needsReview: True)
KUMTECH: Business Administration (needsReview: True)
KUMTECH: Religious Studies (needsReview: True)
KUMTECH: BEd Basic Education (Distance) (needsReview: True)
KUMTECH: Soil Science (needsReview: True)
KUMTECH: Dietetics (Diploma) (needsReview: True)
KUMTECH: Architecture (Diploma) (needsReview: True)
KUMTECH: LLB (Law) (Distance) (needsReview: True)
KUMTECH: BSc Nursing (needsReview: True)
KUMTECH: Mechanical Engineering (needsReview: True)
KUMTECH: Data Science & Analytics (Distance) (needsReview: True)
KUMTECH: Logistics & Supply Chain (needsReview: True)
KUMTECH: English (needsReview: True)
KUMTECH: BEd Basic Education (needsReview: True)
KUMTECH: Agriculture (Distance) (needsReview: True)
KUMTECH: Physiotherapy (needsReview: True)
KUMTECH: Geography & Resource Development (needsReview: True)
KUMTECH: LLB (Law) (needsReview: True)
CCTU: BSc Public Health (Diploma) (needsReview: True)
CCTU: Electrical/Electronic Engineering (needsReview: True)
CCTU: Cybersecurity (needsReview: True)
CCTU: Marketing (Distance) (needsReview: True)
CCTU: Communication Studies (Diploma) (needsReview: True)
CCTU: BEd Primary Education (Diploma) (needsReview: True)
CCTU: Horticulture (needsReview: True)
CCTU: Dietetics (needsReview: True)
CCTU: Geography & Resource Development (needsReview: True)
CCTU: LLB (Law) (needsReview: True)
CCTU: BDS (needsReview: True)
CCTU: Computer Science (Distance) (needsReview: True)
CCTU: Marketing (needsReview: True)
CCTU: History (needsReview: True)
CCTU: BEd Basic Education (needsReview: True)
CCTU: Agriculture (needsReview: True)
CCTU: Biomedical Science (needsReview: True)
CCTU: Urban & Regional Planning (needsReview: True)
CCTU: LLB (Law) (Diploma) (needsReview: True)
CCTU: Chemical Engineering (needsReview: True)
PENTECOST: BSc Public Health (needsReview: True)
PENTECOST: Mechanical Engineering (needsReview: True)
PENTECOST: Information Technology (needsReview: True)
PENTECOST: Business Administration (needsReview: True)
PENTECOST: Religious Studies (needsReview: True)
PENTECOST: BEd Technical Education (needsReview: True)
PENTECOST: Food Science (needsReview: True)
PENTECOST: Biomedical Science (needsReview: True)
PENTECOST: Architecture (needsReview: True)
PENTECOST: LLB (Law) (needsReview: True)
PENTECOST: BSc Nursing (needsReview: True)
PENTECOST: Electrical/Electronic Engineering (needsReview: True)
PENTECOST: Cybersecurity (needsReview: True)
PENTECOST: Marketing (needsReview: True)
PENTECOST: Communication Studies (Diploma) (needsReview: True)
PENTECOST: BEd Primary Education (needsReview: True)
PENTECOST: Agriculture (needsReview: True)
PENTECOST: Radiography (Distance) (needsReview: True)
PENTECOST: Urban & Regional Planning (Distance) (needsReview: True)
PENTECOST: Petroleum Engineering (needsReview: True)
METHODIST: PharmD (needsReview: True)
METHODIST: Mechanical Engineering (needsReview: True)
METHODIST: Computer Science (needsReview: True)
METHODIST: Marketing (needsReview: True)
METHODIST: Communication Studies (needsReview: True)
METHODIST: BEd Early Childhood Education (needsReview: True)
METHODIST: Food Science (needsReview: True)
METHODIST: Radiography (needsReview: True)
METHODIST: Architecture (needsReview: True)
METHODIST: LLB (Law) (needsReview: True)
METHODIST: BDS (needsReview: True)
METHODIST: Civil Engineering (needsReview: True)
METHODIST: Information Systems (Diploma) (needsReview: True)
METHODIST: Human Resource Management (needsReview: True)
METHODIST: Religious Studies (needsReview: True)
METHODIST: Soil Science (needsReview: True)
METHODIST: Occupational Therapy (needsReview: True)
METHODIST: Quantity Surveying (needsReview: True)
METHODIST: BSc Medical Laboratory Science (needsReview: True)
METHODIST: Computer Engineering (needsReview: True)
CSUC: BDS (needsReview: True)
CSUC: Mechanical Engineering (needsReview: True)
CSUC: Information Systems (needsReview: True)
CSUC: Business Administration (needsReview: True)
CSUC: Religious Studies (Distance) (needsReview: True)
CSUC: BEd Technical Education (Diploma) (needsReview: True)
CSUC: Agribusiness (Distance) (needsReview: True)
CSUC: Physiotherapy (needsReview: True)
CSUC: Quantity Surveying (Distance) (needsReview: True)
CSUC: LLB (Law) (needsReview: True)
CSUC: MBChB (needsReview: True)
CSUC: Civil Engineering (Distance) (needsReview: True)
CSUC: Software Engineering (needsReview: True)
CSUC: Religious Studies (needsReview: True)
CSUC: BEd Basic Education (needsReview: True)
MOUNT_CREST: BDS (needsReview: True)
MOUNT_CREST: Electrical/Electronic Engineering (needsReview: True)
MOUNT_CREST: Computer Science (needsReview: True)
MOUNT_CREST: Marketing (needsReview: True)
MOUNT_CREST: History (needsReview: True)
MOUNT_CREST: BEd Basic Education (needsReview: True)
MOUNT_CREST: Agriculture (Distance) (needsReview: True)
MOUNT_CREST: Biomedical Science (needsReview: True)
MOUNT_CREST: Geography & Resource Development (needsReview: True)
MOUNT_CREST: LLB (Law) (needsReview: True)
MOUNT_CREST: BSc Public Health (needsReview: True)
MOUNT_CREST: Chemical Engineering (needsReview: True)
MOUNT_CREST: Information Technology (needsReview: True)
MOUNT_CREST: Human Resource Management (needsReview: True)
MOUNT_CREST: English (needsReview: True)
CATHOLIC_U: BSc Midwifery (needsReview: True)
CATHOLIC_U: Mechanical Engineering (needsReview: True)
CATHOLIC_U: Computer Science (needsReview: True)
CATHOLIC_U: Accounting (needsReview: True)
CATHOLIC_U: Sociology (needsReview: True)
CATHOLIC_U: BEd Early Childhood Education (needsReview: True)
CATHOLIC_U: Horticulture (needsReview: True)
CATHOLIC_U: Radiography (needsReview: True)
CATHOLIC_U: Urban & Regional Planning (needsReview: True)
CATHOLIC_U: LLB (Law) (needsReview: True)
CATHOLIC_U: MBChB (Distance) (needsReview: True)
CATHOLIC_U: Civil Engineering (needsReview: True)
CATHOLIC_U: Data Science & Analytics (needsReview: True)
CATHOLIC_U: Banking & Finance (Distance) (needsReview: True)
CATHOLIC_U: BEd Technical Education (needsReview: True)